<?xml version="1.0" encoding="x-windows-949" standalone="no"?>
<!DOCTYPE log SYSTEM "logger.dtd">
<log>
<record>
  <date>2020-07-23T11:07:27</date>
  <millis>1595470047228</millis>
  <sequence>0</sequence>
  <logger>ch09.SimpleLoggingFile</logger>
  <level>INFO</level>
  <class>ch09.SimpleLoggingFile</class>
  <method>main</method>
  <thread>1</thread>
  <message>info log</message>
</record>
<record>
  <date>2020-07-23T11:07:27</date>
  <millis>1595470047275</millis>
  <sequence>1</sequence>
  <logger>ch09.SimpleLoggingFile</logger>
  <level>INFO</level>
  <class>ch09.SimpleLoggingFile</class>
  <method>main</method>
  <thread>1</thread>
  <message>method type info log</message>
</record>
<record>
  <date>2020-07-23T11:07:27</date>
  <millis>1595470047275</millis>
  <sequence>2</sequence>
  <logger>ch09.SimpleLoggingFile</logger>
  <level>WARNING</level>
  <class>ch09.SimpleLoggingFile</class>
  <method>main</method>
  <thread>1</thread>
  <message>method type warn log</message>
</record>
<record>
  <date>2020-07-23T11:07:27</date>
  <millis>1595470047275</millis>
  <sequence>3</sequence>
  <logger>ch09.SimpleLoggingFile</logger>
  <level>SEVERE</level>
  <class>ch09.SimpleLoggingFile</class>
  <method>main</method>
  <thread>1</thread>
  <message>method type severe log</message>
</record>
</log>
